# JRE version: Java(TM) SE Runtime Environment (8.0_371) (build 1.8.0_371-b11)
# Java VM: Java HotSpot(TM) 64-Bit Server VM (25.371-b11 mixed mode bsd-amd64 compressed oops)
Heap:
 PSYoungGen      total 141824K, used 55215K [0x000000076ab00000, 0x0000000779900000, 0x00000007c0000000)
  eden space 131072K, 36% used [0x000000076ab00000,0x000000076d93f428,0x0000000772b00000)
  from space 10752K, 73% used [0x0000000772b00000,0x00000007732acaa0,0x0000000773580000)
  to   space 10752K, 0% used [0x0000000778e80000,0x0000000778e80000,0x0000000779900000)
 ParOldGen       total 96768K, used 12747K [0x00000006c0000000, 0x00000006c5e80000, 0x000000076ab00000)
  object space 96768K, 13% used [0x00000006c0000000,0x00000006c0c72dd0,0x00000006c5e80000)
 Metaspace       used 28933K, capacity 31046K, committed 31232K, reserved 1075200K
  class space    used 4163K, capacity 4520K, committed 4608K, reserved 1048576K
GC Heap History (8 events):
Event: 1.947 GC heap before
{Heap before GC invocations=1 (full 0):
 PSYoungGen      total 76288K, used 65536K [0x000000076ab00000, 0x0000000770000000, 0x00000007c0000000)
  eden space 65536K, 100% used [0x000000076ab00000,0x000000076eb00000,0x000000076eb00000)
  from space 10752K, 0% used [0x000000076f580000,0x000000076f580000,0x0000000770000000)
  to   space 10752K, 0% used [0x000000076eb00000,0x000000076eb00000,0x000000076f580000)
 ParOldGen       total 175104K, used 0K [0x00000006c0000000, 0x00000006cab00000, 0x000000076ab00000)
  object space 175104K, 0% used [0x00000006c0000000,0x00000006c0000000,0x00000006cab00000)
 Metaspace       used 16557K, capacity 17274K, committed 17536K, reserved 1064960K
  class space    used 2388K, capacity 2562K, committed 2688K, reserved 1048576K
Event: 1.972 GC heap after
Heap after GC invocations=1 (full 0):
 PSYoungGen      total 76288K, used 10720K [0x000000076ab00000, 0x0000000774000000, 0x00000007c0000000)
  eden space 65536K, 0% used [0x000000076ab00000,0x000000076ab00000,0x000000076eb00000)
  from space 10752K, 99% used [0x000000076eb00000,0x000000076f5780a0,0x000000076f580000)
  to   space 10752K, 0% used [0x0000000773580000,0x0000000773580000,0x0000000774000000)
 ParOldGen       total 175104K, used 316K [0x00000006c0000000, 0x00000006cab00000, 0x000000076ab00000)
  object space 175104K, 0% used [0x00000006c0000000,0x00000006c004f040,0x00000006cab00000)
 Metaspace       used 16557K, capacity 17274K, committed 17536K, reserved 1064960K
  class space    used 2388K, capacity 2562K, committed 2688K, reserved 1048576K
}
Event: 2.637 GC heap before
{Heap before GC invocations=2 (full 0):
 PSYoungGen      total 76288K, used 26791K [0x000000076ab00000, 0x0000000774000000, 0x00000007c0000000)
  eden space 65536K, 24% used [0x000000076ab00000,0x000000076bab1b60,0x000000076eb00000)
  from space 10752K, 99% used [0x000000076eb00000,0x000000076f5780a0,0x000000076f580000)
  to   space 10752K, 0% used [0x0000000773580000,0x0000000773580000,0x0000000774000000)
 ParOldGen       total 175104K, used 316K [0x00000006c0000000, 0x00000006cab00000, 0x000000076ab00000)
  object space 175104K, 0% used [0x00000006c0000000,0x00000006c004f040,0x00000006cab00000)
 Metaspace       used 19934K, capacity 21200K, committed 21248K, reserved 1067008K
  class space    used 3031K, capacity 3289K, committed 3328K, reserved 1048576K
Event: 2.666 GC heap after
Heap after GC invocations=2 (full 0):
 PSYoungGen      total 141824K, used 10736K [0x000000076ab00000, 0x0000000774000000, 0x00000007c0000000)
  eden space 131072K, 0% used [0x000000076ab00000,0x000000076ab00000,0x0000000772b00000)
  from space 10752K, 99% used [0x0000000773580000,0x0000000773ffc080,0x0000000774000000)
  to   space 10752K, 0% used [0x0000000772b00000,0x0000000772b00000,0x0000000773580000)
 ParOldGen       total 175104K, used 2250K [0x00000006c0000000, 0x00000006cab00000, 0x000000076ab00000)
  object space 175104K, 1% used [0x00000006c0000000,0x00000006c02328d0,0x00000006cab00000)
 Metaspace       used 19934K, capacity 21200K, committed 21248K, reserved 1067008K
  class space    used 3031K, capacity 3289K, committed 3328K, reserved 1048576K
}
Event: 2.666 GC heap before
{Heap before GC invocations=3 (full 1):
 PSYoungGen      total 141824K, used 10736K [0x000000076ab00000, 0x0000000774000000, 0x00000007c0000000)
  eden space 131072K, 0% used [0x000000076ab00000,0x000000076ab00000,0x0000000772b00000)
  from space 10752K, 99% used [0x0000000773580000,0x0000000773ffc080,0x0000000774000000)
  to   space 10752K, 0% used [0x0000000772b00000,0x0000000772b00000,0x0000000773580000)
 ParOldGen       total 175104K, used 2250K [0x00000006c0000000, 0x00000006cab00000, 0x000000076ab00000)
  object space 175104K, 1% used [0x00000006c0000000,0x00000006c02328d0,0x00000006cab00000)
 Metaspace       used 19934K, capacity 21200K, committed 21248K, reserved 1067008K
  class space    used 3031K, capacity 3289K, committed 3328K, reserved 1048576K
Event: 2.688 GC heap after
Heap after GC invocations=3 (full 1):
 PSYoungGen      total 141824K, used 0K [0x000000076ab00000, 0x0000000774000000, 0x00000007c0000000)
  eden space 131072K, 0% used [0x000000076ab00000,0x000000076ab00000,0x0000000772b00000)
  from space 10752K, 0% used [0x0000000773580000,0x0000000773580000,0x0000000774000000)
  to   space 10752K, 0% used [0x0000000772b00000,0x0000000772b00000,0x0000000773580000)
 ParOldGen       total 96768K, used 12739K [0x00000006c0000000, 0x00000006c5e80000, 0x000000076ab00000)
  object space 96768K, 13% used [0x00000006c0000000,0x00000006c0c70dd0,0x00000006c5e80000)
 Metaspace       used 19934K, capacity 21200K, committed 21248K, reserved 1067008K
  class space    used 3031K, capacity 3289K, committed 3328K, reserved 1048576K
}
Event: 15.383 GC heap before
{Heap before GC invocations=4 (full 1):
 PSYoungGen      total 141824K, used 131072K [0x000000076ab00000, 0x0000000774000000, 0x00000007c0000000)
  eden space 131072K, 100% used [0x000000076ab00000,0x0000000772b00000,0x0000000772b00000)
  from space 10752K, 0% used [0x0000000773580000,0x0000000773580000,0x0000000774000000)
  to   space 10752K, 0% used [0x0000000772b00000,0x0000000772b00000,0x0000000773580000)
 ParOldGen       total 96768K, used 12739K [0x00000006c0000000, 0x00000006c5e80000, 0x000000076ab00000)
  object space 96768K, 13% used [0x00000006c0000000,0x00000006c0c70dd0,0x00000006c5e80000)
 Metaspace       used 28063K, capacity 30028K, committed 30336K, reserved 1075200K
  class space    used 4088K, capacity 4423K, committed 4480K, reserved 1048576K
Event: 15.406 GC heap after
Heap after GC invocations=4 (full 1):
 PSYoungGen      total 141824K, used 7858K [0x000000076ab00000, 0x0000000779900000, 0x00000007c0000000)
  eden space 131072K, 0% used [0x000000076ab00000,0x000000076ab00000,0x0000000772b00000)
  from space 10752K, 73% used [0x0000000772b00000,0x00000007732acaa0,0x0000000773580000)
  to   space 10752K, 0% used [0x0000000778e80000,0x0000000778e80000,0x0000000779900000)
 ParOldGen       total 96768K, used 12747K [0x00000006c0000000, 0x00000006c5e80000, 0x000000076ab00000)
  object space 96768K, 13% used [0x00000006c0000000,0x00000006c0c72dd0,0x00000006c5e80000)
 Metaspace       used 28063K, capacity 30028K, committed 30336K, reserved 1075200K
  class space    used 4088K, capacity 4423K, committed 4480K, reserved 1048576K
}

