# JRE version: Java(TM) SE Runtime Environment (8.0_371) (build 1.8.0_371-b11)
# Java VM: Java HotSpot(TM) 64-Bit Server VM (25.371-b11 mixed mode bsd-amd64 compressed oops)
Heap:
 PSYoungGen      total 227328K, used 109985K [0x000000076ab00000, 0x0000000779480000, 0x00000007c0000000)
  eden space 217600K, 46% used [0x000000076ab00000,0x0000000770e2ba20,0x0000000777f80000)
  from space 9728K, 86% used [0x0000000778b00000,0x000000077933caa0,0x0000000779480000)
  to   space 10752K, 0% used [0x0000000777f80000,0x0000000777f80000,0x0000000778a00000)
 ParOldGen       total 98304K, used 12881K [0x00000006c0000000, 0x00000006c6000000, 0x000000076ab00000)
  object space 98304K, 13% used [0x00000006c0000000,0x00000006c0c944f0,0x00000006c6000000)
 Metaspace       used 28375K, capacity 30450K, committed 30592K, reserved 1075200K
  class space    used 4119K, capacity 4468K, committed 4480K, reserved 1048576K
GC Heap History (10 events):
Event: 2.078 GC heap before
{Heap before GC invocations=1 (full 0):
 PSYoungGen      total 76288K, used 65536K [0x000000076ab00000, 0x0000000770000000, 0x00000007c0000000)
  eden space 65536K, 100% used [0x000000076ab00000,0x000000076eb00000,0x000000076eb00000)
  from space 10752K, 0% used [0x000000076f580000,0x000000076f580000,0x0000000770000000)
  to   space 10752K, 0% used [0x000000076eb00000,0x000000076eb00000,0x000000076f580000)
 ParOldGen       total 175104K, used 0K [0x00000006c0000000, 0x00000006cab00000, 0x000000076ab00000)
  object space 175104K, 0% used [0x00000006c0000000,0x00000006c0000000,0x00000006cab00000)
 Metaspace       used 16562K, capacity 17274K, committed 17536K, reserved 1064960K
  class space    used 2387K, capacity 2562K, committed 2688K, reserved 1048576K
Event: 2.101 GC heap after
Heap after GC invocations=1 (full 0):
 PSYoungGen      total 76288K, used 10720K [0x000000076ab00000, 0x0000000774000000, 0x00000007c0000000)
  eden space 65536K, 0% used [0x000000076ab00000,0x000000076ab00000,0x000000076eb00000)
  from space 10752K, 99% used [0x000000076eb00000,0x000000076f578080,0x000000076f580000)
  to   space 10752K, 0% used [0x0000000773580000,0x0000000773580000,0x0000000774000000)
 ParOldGen       total 175104K, used 304K [0x00000006c0000000, 0x00000006cab00000, 0x000000076ab00000)
  object space 175104K, 0% used [0x00000006c0000000,0x00000006c004c010,0x00000006cab00000)
 Metaspace       used 16562K, capacity 17274K, committed 17536K, reserved 1064960K
  class space    used 2387K, capacity 2562K, committed 2688K, reserved 1048576K
}
Event: 2.814 GC heap before
{Heap before GC invocations=2 (full 0):
 PSYoungGen      total 76288K, used 26973K [0x000000076ab00000, 0x0000000774000000, 0x00000007c0000000)
  eden space 65536K, 24% used [0x000000076ab00000,0x000000076badf438,0x000000076eb00000)
  from space 10752K, 99% used [0x000000076eb00000,0x000000076f578080,0x000000076f580000)
  to   space 10752K, 0% used [0x0000000773580000,0x0000000773580000,0x0000000774000000)
 ParOldGen       total 175104K, used 304K [0x00000006c0000000, 0x00000006cab00000, 0x000000076ab00000)
  object space 175104K, 0% used [0x00000006c0000000,0x00000006c004c010,0x00000006cab00000)
 Metaspace       used 19947K, capacity 21200K, committed 21248K, reserved 1067008K
  class space    used 3031K, capacity 3289K, committed 3328K, reserved 1048576K
Event: 2.841 GC heap after
Heap after GC invocations=2 (full 0):
 PSYoungGen      total 141824K, used 10736K [0x000000076ab00000, 0x0000000774000000, 0x00000007c0000000)
  eden space 131072K, 0% used [0x000000076ab00000,0x000000076ab00000,0x0000000772b00000)
  from space 10752K, 99% used [0x0000000773580000,0x0000000773ffc070,0x0000000774000000)
  to   space 10752K, 0% used [0x0000000772b00000,0x0000000772b00000,0x0000000773580000)
 ParOldGen       total 175104K, used 2392K [0x00000006c0000000, 0x00000006cab00000, 0x000000076ab00000)
  object space 175104K, 1% used [0x00000006c0000000,0x00000006c0256030,0x00000006cab00000)
 Metaspace       used 19947K, capacity 21200K, committed 21248K, reserved 1067008K
  class space    used 3031K, capacity 3289K, committed 3328K, reserved 1048576K
}
Event: 2.842 GC heap before
{Heap before GC invocations=3 (full 1):
 PSYoungGen      total 141824K, used 10736K [0x000000076ab00000, 0x0000000774000000, 0x00000007c0000000)
  eden space 131072K, 0% used [0x000000076ab00000,0x000000076ab00000,0x0000000772b00000)
  from space 10752K, 99% used [0x0000000773580000,0x0000000773ffc070,0x0000000774000000)
  to   space 10752K, 0% used [0x0000000772b00000,0x0000000772b00000,0x0000000773580000)
 ParOldGen       total 175104K, used 2392K [0x00000006c0000000, 0x00000006cab00000, 0x000000076ab00000)
  object space 175104K, 1% used [0x00000006c0000000,0x00000006c0256030,0x00000006cab00000)
 Metaspace       used 19947K, capacity 21200K, committed 21248K, reserved 1067008K
  class space    used 3031K, capacity 3289K, committed 3328K, reserved 1048576K
Event: 2.865 GC heap after
Heap after GC invocations=3 (full 1):
 PSYoungGen      total 141824K, used 0K [0x000000076ab00000, 0x0000000774000000, 0x00000007c0000000)
  eden space 131072K, 0% used [0x000000076ab00000,0x000000076ab00000,0x0000000772b00000)
  from space 10752K, 0% used [0x0000000773580000,0x0000000773580000,0x0000000774000000)
  to   space 10752K, 0% used [0x0000000772b00000,0x0000000772b00000,0x0000000773580000)
 ParOldGen       total 98304K, used 12865K [0x00000006c0000000, 0x00000006c6000000, 0x000000076ab00000)
  object space 98304K, 13% used [0x00000006c0000000,0x00000006c0c904f0,0x00000006c6000000)
 Metaspace       used 19947K, capacity 21200K, committed 21248K, reserved 1067008K
  class space    used 3031K, capacity 3289K, committed 3328K, reserved 1048576K
}
Event: 11.889 GC heap before
{Heap before GC invocations=4 (full 1):
 PSYoungGen      total 141824K, used 131072K [0x000000076ab00000, 0x0000000774000000, 0x00000007c0000000)
  eden space 131072K, 100% used [0x000000076ab00000,0x0000000772b00000,0x0000000772b00000)
  from space 10752K, 0% used [0x0000000773580000,0x0000000773580000,0x0000000774000000)
  to   space 10752K, 0% used [0x0000000772b00000,0x0000000772b00000,0x0000000773580000)
 ParOldGen       total 98304K, used 12865K [0x00000006c0000000, 0x00000006c6000000, 0x000000076ab00000)
  object space 98304K, 13% used [0x00000006c0000000,0x00000006c0c904f0,0x00000006c6000000)
 Metaspace       used 27211K, capacity 29064K, committed 29184K, reserved 1075200K
  class space    used 3980K, capacity 4309K, committed 4352K, reserved 1048576K
Event: 11.905 GC heap after
Heap after GC invocations=4 (full 1):
 PSYoungGen      total 141824K, used 8416K [0x000000076ab00000, 0x0000000779580000, 0x00000007c0000000)
  eden space 131072K, 0% used [0x000000076ab00000,0x000000076ab00000,0x0000000772b00000)
  from space 10752K, 78% used [0x0000000772b00000,0x0000000773338020,0x0000000773580000)
  to   space 10752K, 0% used [0x0000000778b00000,0x0000000778b00000,0x0000000779580000)
 ParOldGen       total 98304K, used 12873K [0x00000006c0000000, 0x00000006c6000000, 0x000000076ab00000)
  object space 98304K, 13% used [0x00000006c0000000,0x00000006c0c924f0,0x00000006c6000000)
 Metaspace       used 27211K, capacity 29064K, committed 29184K, reserved 1075200K
  class space    used 3980K, capacity 4309K, committed 4352K, reserved 1048576K
}
Event: 13.271 GC heap before
{Heap before GC invocations=5 (full 1):
 PSYoungGen      total 141824K, used 139488K [0x000000076ab00000, 0x0000000779580000, 0x00000007c0000000)
  eden space 131072K, 100% used [0x000000076ab00000,0x0000000772b00000,0x0000000772b00000)
  from space 10752K, 78% used [0x0000000772b00000,0x0000000773338020,0x0000000773580000)
  to   space 10752K, 0% used [0x0000000778b00000,0x0000000778b00000,0x0000000779580000)
 ParOldGen       total 98304K, used 12873K [0x00000006c0000000, 0x00000006c6000000, 0x000000076ab00000)
  object space 98304K, 13% used [0x00000006c0000000,0x00000006c0c924f0,0x00000006c6000000)
 Metaspace       used 27613K, capacity 29670K, committed 29824K, reserved 1075200K
  class space    used 4033K, capacity 4400K, committed 4480K, reserved 1048576K
Event: 13.291 GC heap after
Heap after GC invocations=5 (full 1):
 PSYoungGen      total 227328K, used 8434K [0x000000076ab00000, 0x0000000779480000, 0x00000007c0000000)
  eden space 217600K, 0% used [0x000000076ab00000,0x000000076ab00000,0x0000000777f80000)
  from space 9728K, 86% used [0x0000000778b00000,0x000000077933caa0,0x0000000779480000)
  to   space 10752K, 0% used [0x0000000777f80000,0x0000000777f80000,0x0000000778a00000)
 ParOldGen       total 98304K, used 12881K [0x00000006c0000000, 0x00000006c6000000, 0x000000076ab00000)
  object space 98304K, 13% used [0x00000006c0000000,0x00000006c0c944f0,0x00000006c6000000)
 Metaspace       used 27613K, capacity 29670K, committed 29824K, reserved 1075200K
  class space    used 4033K, capacity 4400K, committed 4480K, reserved 1048576K
}

