# JRE version: Java(TM) SE Runtime Environment (8.0_371) (build 1.8.0_371-b11)
# Java VM: Java HotSpot(TM) 64-Bit Server VM (25.371-b11 mixed mode bsd-amd64 compressed oops)
Heap:
 PSYoungGen      total 1017856K, used 13736K [0x000000076ab00000, 0x00000007ab080000, 0x00000007c0000000)
  eden space 1015296K, 1% used [0x000000076ab00000,0x000000076b64a3b0,0x00000007a8a80000)
  from space 2560K, 85% used [0x00000007aae00000,0x00000007ab020010,0x00000007ab080000)
  to   space 14848K, 0% used [0x00000007a9380000,0x00000007a9380000,0x00000007aa200000)
 ParOldGen       total 94720K, used 23157K [0x00000006c0000000, 0x00000006c5c80000, 0x000000076ab00000)
  object space 94720K, 24% used [0x00000006c0000000,0x00000006c169d510,0x00000006c5c80000)
 Metaspace       used 28092K, capacity 30186K, committed 30336K, reserved 1075200K
  class space    used 4077K, capacity 4424K, committed 4480K, reserved 1048576K
GC Heap History (10 events):
Event: 15.614 GC heap before
{Heap before GC invocations=7 (full 1):
 PSYoungGen      total 237568K, used 237155K [0x000000076ab00000, 0x0000000784400000, 0x00000007c0000000)
  eden space 226816K, 100% used [0x000000076ab00000,0x0000000778880000,0x0000000778880000)
  from space 10752K, 96% used [0x0000000778880000,0x0000000779298fa8,0x0000000779300000)
  to   space 11776K, 0% used [0x0000000783880000,0x0000000783880000,0x0000000784400000)
 ParOldGen       total 94720K, used 12718K [0x00000006c0000000, 0x00000006c5c80000, 0x000000076ab00000)
  object space 94720K, 13% used [0x00000006c0000000,0x00000006c0c6b8f8,0x00000006c5c80000)
 Metaspace       used 27515K, capacity 29454K, committed 29696K, reserved 1075200K
  class space    used 4015K, capacity 4330K, committed 4352K, reserved 1048576K
Event: 15.630 GC heap after
Heap after GC invocations=7 (full 1):
 PSYoungGen      total 407040K, used 10353K [0x000000076ab00000, 0x0000000784c80000, 0x00000007c0000000)
  eden space 395264K, 0% used [0x000000076ab00000,0x000000076ab00000,0x0000000782d00000)
  from space 11776K, 87% used [0x0000000783880000,0x000000078429c528,0x0000000784400000)
  to   space 11776K, 0% used [0x0000000782d00000,0x0000000782d00000,0x0000000783880000)
 ParOldGen       total 94720K, used 12726K [0x00000006c0000000, 0x00000006c5c80000, 0x000000076ab00000)
  object space 94720K, 13% used [0x00000006c0000000,0x00000006c0c6d8f8,0x00000006c5c80000)
 Metaspace       used 27515K, capacity 29454K, committed 29696K, reserved 1075200K
  class space    used 4015K, capacity 4330K, committed 4352K, reserved 1048576K
}
Event: 16.088 GC heap before
{Heap before GC invocations=8 (full 1):
 PSYoungGen      total 407040K, used 405617K [0x000000076ab00000, 0x0000000784c80000, 0x00000007c0000000)
  eden space 395264K, 100% used [0x000000076ab00000,0x0000000782d00000,0x0000000782d00000)
  from space 11776K, 87% used [0x0000000783880000,0x000000078429c528,0x0000000784400000)
  to   space 11776K, 0% used [0x0000000782d00000,0x0000000782d00000,0x0000000783880000)
 ParOldGen       total 94720K, used 12726K [0x00000006c0000000, 0x00000006c5c80000, 0x000000076ab00000)
  object space 94720K, 13% used [0x00000006c0000000,0x00000006c0c6d8f8,0x00000006c5c80000)
 Metaspace       used 27537K, capacity 29518K, committed 29696K, reserved 1075200K
  class space    used 4015K, capacity 4330K, committed 4352K, reserved 1048576K
Event: 16.103 GC heap after
Heap after GC invocations=8 (full 1):
 PSYoungGen      total 407040K, used 10449K [0x000000076ab00000, 0x0000000797500000, 0x00000007c0000000)
  eden space 395264K, 0% used [0x000000076ab00000,0x000000076ab00000,0x0000000782d00000)
  from space 11776K, 88% used [0x0000000782d00000,0x0000000783734528,0x0000000783880000)
  to   space 11776K, 0% used [0x0000000796980000,0x0000000796980000,0x0000000797500000)
 ParOldGen       total 94720K, used 12734K [0x00000006c0000000, 0x00000006c5c80000, 0x000000076ab00000)
  object space 94720K, 13% used [0x00000006c0000000,0x00000006c0c6f8f8,0x00000006c5c80000)
 Metaspace       used 27537K, capacity 29518K, committed 29696K, reserved 1075200K
  class space    used 4015K, capacity 4330K, committed 4352K, reserved 1048576K
}
Event: 16.641 GC heap before
{Heap before GC invocations=9 (full 1):
 PSYoungGen      total 407040K, used 405713K [0x000000076ab00000, 0x0000000797500000, 0x00000007c0000000)
  eden space 395264K, 100% used [0x000000076ab00000,0x0000000782d00000,0x0000000782d00000)
  from space 11776K, 88% used [0x0000000782d00000,0x0000000783734528,0x0000000783880000)
  to   space 11776K, 0% used [0x0000000796980000,0x0000000796980000,0x0000000797500000)
 ParOldGen       total 94720K, used 12734K [0x00000006c0000000, 0x00000006c5c80000, 0x000000076ab00000)
  object space 94720K, 13% used [0x00000006c0000000,0x00000006c0c6f8f8,0x00000006c5c80000)
 Metaspace       used 27578K, capacity 29518K, committed 29696K, reserved 1075200K
  class space    used 4015K, capacity 4330K, committed 4352K, reserved 1048576K
Event: 16.668 GC heap after
Heap after GC invocations=9 (full 1):
 PSYoungGen      total 717824K, used 1938K [0x000000076ab00000, 0x0000000798200000, 0x00000007c0000000)
  eden space 706048K, 0% used [0x000000076ab00000,0x000000076ab00000,0x0000000795c80000)
  from space 11776K, 16% used [0x0000000796980000,0x0000000796b64928,0x0000000797500000)
  to   space 13312K, 0% used [0x0000000795c80000,0x0000000795c80000,0x0000000796980000)
 ParOldGen       total 94720K, used 21437K [0x00000006c0000000, 0x00000006c5c80000, 0x000000076ab00000)
  object space 94720K, 22% used [0x00000006c0000000,0x00000006c14ef500,0x00000006c5c80000)
 Metaspace       used 27578K, capacity 29518K, committed 29696K, reserved 1075200K
  class space    used 4015K, capacity 4330K, committed 4352K, reserved 1048576K
}
Event: 17.373 GC heap before
{Heap before GC invocations=10 (full 1):
 PSYoungGen      total 717824K, used 707986K [0x000000076ab00000, 0x0000000798200000, 0x00000007c0000000)
  eden space 706048K, 100% used [0x000000076ab00000,0x0000000795c80000,0x0000000795c80000)
  from space 11776K, 16% used [0x0000000796980000,0x0000000796b64928,0x0000000797500000)
  to   space 13312K, 0% used [0x0000000795c80000,0x0000000795c80000,0x0000000796980000)
 ParOldGen       total 94720K, used 21437K [0x00000006c0000000, 0x00000006c5c80000, 0x000000076ab00000)
  object space 94720K, 22% used [0x00000006c0000000,0x00000006c14ef500,0x00000006c5c80000)
 Metaspace       used 27656K, capacity 29650K, committed 29696K, reserved 1075200K
  class space    used 4015K, capacity 4330K, committed 4352K, reserved 1048576K
Event: 17.378 GC heap after
Heap after GC invocations=10 (full 1):
 PSYoungGen      total 719360K, used 1810K [0x000000076ab00000, 0x00000007abc00000, 0x00000007c0000000)
  eden space 706048K, 0% used [0x000000076ab00000,0x000000076ab00000,0x0000000795c80000)
  from space 13312K, 13% used [0x0000000795c80000,0x0000000795e44928,0x0000000796980000)
  to   space 14336K, 0% used [0x00000007aae00000,0x00000007aae00000,0x00000007abc00000)
 ParOldGen       total 94720K, used 22853K [0x00000006c0000000, 0x00000006c5c80000, 0x000000076ab00000)
  object space 94720K, 24% used [0x00000006c0000000,0x00000006c1651510,0x00000006c5c80000)
 Metaspace       used 27656K, capacity 29650K, committed 29696K, reserved 1075200K
  class space    used 4015K, capacity 4330K, committed 4352K, reserved 1048576K
}
Event: 26.592 GC heap before
{Heap before GC invocations=11 (full 1):
 PSYoungGen      total 719360K, used 707858K [0x000000076ab00000, 0x00000007abc00000, 0x00000007c0000000)
  eden space 706048K, 100% used [0x000000076ab00000,0x0000000795c80000,0x0000000795c80000)
  from space 13312K, 13% used [0x0000000795c80000,0x0000000795e44928,0x0000000796980000)
  to   space 14336K, 0% used [0x00000007aae00000,0x00000007aae00000,0x00000007abc00000)
 ParOldGen       total 94720K, used 22853K [0x00000006c0000000, 0x00000006c5c80000, 0x000000076ab00000)
  object space 94720K, 24% used [0x00000006c0000000,0x00000006c1651510,0x00000006c5c80000)
 Metaspace       used 28069K, capacity 30168K, committed 30336K, reserved 1075200K
  class space    used 4070K, capacity 4419K, committed 4480K, reserved 1048576K
Event: 26.598 GC heap after
Heap after GC invocations=11 (full 1):
 PSYoungGen      total 1017856K, used 2176K [0x000000076ab00000, 0x00000007ab080000, 0x00000007c0000000)
  eden space 1015296K, 0% used [0x000000076ab00000,0x000000076ab00000,0x00000007a8a80000)
  from space 2560K, 85% used [0x00000007aae00000,0x00000007ab020010,0x00000007ab080000)
  to   space 14848K, 0% used [0x00000007a9380000,0x00000007a9380000,0x00000007aa200000)
 ParOldGen       total 94720K, used 23157K [0x00000006c0000000, 0x00000006c5c80000, 0x000000076ab00000)
  object space 94720K, 24% used [0x00000006c0000000,0x00000006c169d510,0x00000006c5c80000)
 Metaspace       used 28069K, capacity 30168K, committed 30336K, reserved 1075200K
  class space    used 4070K, capacity 4419K, committed 4480K, reserved 1048576K
}

